<?xml version="1.0" encoding="UTF-8"?>
<testsuite name="com.app.replace.mapper.MapperTests" tests="1" skipped="0" failures="0" errors="0" timestamp="2023-08-27T07:13:51" hostname="APRILCHOI" time="0.641">
  <properties/>
  <testcase name="test()" classname="com.app.replace.mapper.MapperTests" time="0.641"/>
  <system-out><![CDATA[16:13:47.975 [Test worker] DEBUG org.springframework.test.context.BootstrapUtils - Instantiating CacheAwareContextLoaderDelegate from class [org.springframework.test.context.cache.DefaultCacheAwareContextLoaderDelegate]
16:13:47.986 [Test worker] DEBUG org.springframework.test.context.BootstrapUtils - Instantiating BootstrapContext using constructor [public org.springframework.test.context.support.DefaultBootstrapContext(java.lang.Class,org.springframework.test.context.CacheAwareContextLoaderDelegate)]
16:13:48.012 [Test worker] DEBUG org.springframework.test.context.BootstrapUtils - Instantiating TestContextBootstrapper for test class [com.app.replace.mapper.MapperTests] from class [org.springframework.boot.test.context.SpringBootTestContextBootstrapper]
16:13:48.019 [Test worker] INFO org.springframework.boot.test.context.SpringBootTestContextBootstrapper - Neither @ContextConfiguration nor @ContextHierarchy found for test class [com.app.replace.mapper.MapperTests], using SpringBootContextLoader
16:13:48.022 [Test worker] DEBUG org.springframework.test.context.support.AbstractContextLoader - Did not detect default resource location for test class [com.app.replace.mapper.MapperTests]: class path resource [com/app/replace/mapper/MapperTests-context.xml] does not exist
16:13:48.023 [Test worker] DEBUG org.springframework.test.context.support.AbstractContextLoader - Did not detect default resource location for test class [com.app.replace.mapper.MapperTests]: class path resource [com/app/replace/mapper/MapperTestsContext.groovy] does not exist
16:13:48.023 [Test worker] INFO org.springframework.test.context.support.AbstractContextLoader - Could not detect default resource locations for test class [com.app.replace.mapper.MapperTests]: no resource found for suffixes {-context.xml, Context.groovy}.
16:13:48.024 [Test worker] INFO org.springframework.test.context.support.AnnotationConfigContextLoaderUtils - Could not detect default configuration classes for test class [com.app.replace.mapper.MapperTests]: MapperTests does not declare any static, non-private, non-final, nested classes annotated with @Configuration.
16:13:48.067 [Test worker] DEBUG org.springframework.test.context.support.ActiveProfilesUtils - Could not find an 'annotation declaring class' for annotation type [org.springframework.test.context.ActiveProfiles] and class [com.app.replace.mapper.MapperTests]
16:13:48.125 [Test worker] DEBUG org.springframework.context.annotation.ClassPathScanningCandidateComponentProvider - Identified candidate component class: file [C:\weekend_web_1400_cyr\spring\workspace\springReplace\build\classes\java\main\com\app\replace\ReplaceApplication.class]
16:13:48.126 [Test worker] INFO org.springframework.boot.test.context.SpringBootTestContextBootstrapper - Found @SpringBootConfiguration com.app.replace.ReplaceApplication for test class com.app.replace.mapper.MapperTests
16:13:48.209 [Test worker] DEBUG org.springframework.boot.test.context.SpringBootTestContextBootstrapper - @TestExecutionListeners is not present for class [com.app.replace.mapper.MapperTests]: using defaults.
16:13:48.209 [Test worker] INFO org.springframework.boot.test.context.SpringBootTestContextBootstrapper - Loaded default TestExecutionListener class names from location [META-INF/spring.factories]: [org.springframework.boot.test.autoconfigure.restdocs.RestDocsTestExecutionListener, org.springframework.boot.test.autoconfigure.web.client.MockRestServiceServerResetTestExecutionListener, org.springframework.boot.test.autoconfigure.web.servlet.MockMvcPrintOnlyOnFailureTestExecutionListener, org.springframework.boot.test.autoconfigure.web.servlet.WebDriverTestExecutionListener, org.springframework.boot.test.autoconfigure.webservices.client.MockWebServiceServerTestExecutionListener, org.springframework.boot.test.mock.mockito.MockitoTestExecutionListener, org.springframework.boot.test.mock.mockito.ResetMocksTestExecutionListener, org.springframework.test.context.web.ServletTestExecutionListener, org.springframework.test.context.support.DirtiesContextBeforeModesTestExecutionListener, org.springframework.test.context.event.ApplicationEventsTestExecutionListener, org.springframework.test.context.support.DependencyInjectionTestExecutionListener, org.springframework.test.context.support.DirtiesContextTestExecutionListener, org.springframework.test.context.transaction.TransactionalTestExecutionListener, org.springframework.test.context.jdbc.SqlScriptsTestExecutionListener, org.springframework.test.context.event.EventPublishingTestExecutionListener]
16:13:48.223 [Test worker] INFO org.springframework.boot.test.context.SpringBootTestContextBootstrapper - Using TestExecutionListeners: [org.springframework.test.context.web.ServletTestExecutionListener@7bd69e82, org.springframework.test.context.support.DirtiesContextBeforeModesTestExecutionListener@74d7184a, org.springframework.test.context.event.ApplicationEventsTestExecutionListener@51b01960, org.springframework.boot.test.mock.mockito.MockitoTestExecutionListener@6831d8fd, org.springframework.boot.test.autoconfigure.SpringBootDependencyInjectionTestExecutionListener@27dc79f7, org.springframework.test.context.support.DirtiesContextTestExecutionListener@6b85300e, org.springframework.test.context.transaction.TransactionalTestExecutionListener@3aaf4f07, org.springframework.test.context.jdbc.SqlScriptsTestExecutionListener@5cbf9e9f, org.springframework.test.context.event.EventPublishingTestExecutionListener@18e8473e, org.springframework.boot.test.autoconfigure.restdocs.RestDocsTestExecutionListener@5a2f016d, org.springframework.boot.test.autoconfigure.web.client.MockRestServiceServerResetTestExecutionListener@1a38ba58, org.springframework.boot.test.autoconfigure.web.servlet.MockMvcPrintOnlyOnFailureTestExecutionListener@3ad394e6, org.springframework.boot.test.autoconfigure.web.servlet.WebDriverTestExecutionListener@6058e535, org.springframework.boot.test.autoconfigure.webservices.client.MockWebServiceServerTestExecutionListener@42deb43a, org.springframework.boot.test.mock.mockito.ResetMocksTestExecutionListener@1deb2c43]
16:13:48.225 [Test worker] DEBUG org.springframework.test.context.support.AbstractDirtiesContextTestExecutionListener - Before test class: context [DefaultTestContext@47a64f7d testClass = MapperTests, testInstance = [null], testMethod = [null], testException = [null], mergedContextConfiguration = [WebMergedContextConfiguration@33d05366 testClass = MapperTests, locations = '{}', classes = '{class com.app.replace.ReplaceApplication}', contextInitializerClasses = '[]', activeProfiles = '{}', propertySourceLocations = '{}', propertySourceProperties = '{org.springframework.boot.test.context.SpringBootTestContextBootstrapper=true}', contextCustomizers = set[org.springframework.boot.test.autoconfigure.actuate.metrics.MetricsExportContextCustomizerFactory$DisableMetricExportContextCustomizer@5f031ebd, org.springframework.boot.test.autoconfigure.properties.PropertyMappingContextCustomizer@0, org.springframework.boot.test.autoconfigure.web.servlet.WebDriverContextCustomizerFactory$Customizer@75c9e76b, org.springframework.boot.test.context.filter.ExcludeFilterContextCustomizer@37b70343, org.springframework.boot.test.json.DuplicateJsonObjectContextCustomizerFactory$DuplicateJsonObjectContextCustomizer@354fc8f0, org.springframework.boot.test.mock.mockito.MockitoContextCustomizer@0, org.springframework.boot.test.web.client.TestRestTemplateContextCustomizer@79da1ec0, org.springframework.boot.test.context.SpringBootTestArgs@1, org.springframework.boot.test.context.SpringBootTestWebEnvironment@37911f88], resourceBasePath = 'src/main/webapp', contextLoader = 'org.springframework.boot.test.context.SpringBootContextLoader', parent = [null]], attributes = map['org.springframework.test.context.web.ServletTestExecutionListener.activateListener' -> true]], class annotated with @DirtiesContext [false] with mode [null].

  .   ____          _            __ _ _
 /\\ / ___'_ __ _ _(_)_ __  __ _ \ \ \ \
( ( )\___ | '_ | '_| | '_ \/ _` | \ \ \ \
 \\/  ___)| |_)| | | | | || (_| |  ) ) ) )
  '  |____| .__|_| |_|_| |_\__, | / / / /
 =========|_|==============|___/=/_/_/_/
 :: Spring Boot ::                (v2.7.5)

2023-08-27 16:13:48.541  INFO 15660 --- [    Test worker] com.app.replace.mapper.MapperTests       : Starting MapperTests using Java 11.0.15 on AprilChoi with PID 15660 (started by AprilChoi in C:\weekend_web_1400_cyr\spring\workspace\springReplace)
2023-08-27 16:13:48.542  INFO 15660 --- [    Test worker] com.app.replace.mapper.MapperTests       : No active profile set, falling back to 1 default profile: "default"
2023-08-27 16:13:49.374  INFO 15660 --- [    Test worker] trationDelegate$BeanPostProcessorChecker : Bean 'org.springframework.ws.config.annotation.DelegatingWsConfiguration' of type [org.springframework.ws.config.annotation.DelegatingWsConfiguration$$EnhancerBySpringCGLIB$$1e5fb08b] is not eligible for getting processed by all BeanPostProcessors (for example: not eligible for auto-proxying)
2023-08-27 16:13:49.413  INFO 15660 --- [    Test worker] .w.s.a.s.AnnotationActionEndpointMapping : Supporting [WS-Addressing August 2004, WS-Addressing 1.0]
2023-08-27 16:13:49.586  INFO 15660 --- [    Test worker] com.zaxxer.hikari.HikariDataSource       : HikariPool-1 - Starting...
2023-08-27 16:13:49.888  INFO 15660 --- [    Test worker] com.zaxxer.hikari.HikariDataSource       : HikariPool-1 - Start completed.
2023-08-27 16:13:50.599  INFO 15660 --- [    Test worker] o.s.b.a.w.s.WelcomePageHandlerMapping    : Adding welcome page template: index
2023-08-27 16:13:51.045  INFO 15660 --- [    Test worker] com.app.replace.mapper.MapperTests       : Started MapperTests in 2.793 seconds (JVM running for 3.751)
2023-08-27 16:13:51.699  INFO 15660 --- [    Test worker] com.app.replace.mapper.MapperTests       : PositionDTO(id=81, companyId=0, positionName=마케팅, positionInfo=null, positionDueDate=null, positionOpenDate=null, positionStatus=null, midCategoryId=0, companyName=쿠팡, midCategoryName=null)
]]></system-out>
  <system-err><![CDATA[]]></system-err>
</testsuite>
